{"C:\\weatherApp\\controllers\\weatherController.js": {"path":"C:\\weatherApp\\controllers\\weatherController.js","statementMap":{"0":{"start":{"line":1,"column":33},"end":{"line":1,"column":70}},"1":{"start":{"line":2,"column":28},"end":{"line":2,"column":60}},"2":{"start":{"line":3,"column":14},"end":{"line":3,"column":39}},"3":{"start":{"line":5,"column":15},"end":{"line":5,"column":35}},"4":{"start":{"line":7,"column":19},"end":{"line":10,"column":1}},"5":{"start":{"line":8,"column":18},"end":{"line":8,"column":94}},"6":{"start":{"line":9,"column":2},"end":{"line":9,"column":38}},"7":{"start":{"line":12,"column":23},"end":{"line":55,"column":1}},"8":{"start":{"line":13,"column":2},"end":{"line":54,"column":3}},"9":{"start":{"line":14,"column":13},"end":{"line":14,"column":35}},"10":{"start":{"line":15,"column":4},"end":{"line":15,"column":24}},"11":{"start":{"line":16,"column":4},"end":{"line":19,"column":5}},"12":{"start":{"line":17,"column":6},"end":{"line":17,"column":80}},"13":{"start":{"line":18,"column":6},"end":{"line":18,"column":77}},"14":{"start":{"line":21,"column":4},"end":{"line":21,"column":58}},"15":{"start":{"line":23,"column":21},"end":{"line":23,"column":46}},"16":{"start":{"line":24,"column":4},"end":{"line":27,"column":5}},"17":{"start":{"line":25,"column":6},"end":{"line":25,"column":73}},"18":{"start":{"line":26,"column":6},"end":{"line":26,"column":54}},"19":{"start":{"line":29,"column":26},"end":{"line":29,"column":50}},"20":{"start":{"line":30,"column":4},"end":{"line":33,"column":5}},"21":{"start":{"line":31,"column":6},"end":{"line":31,"column":81}},"22":{"start":{"line":32,"column":6},"end":{"line":32,"column":37}},"23":{"start":{"line":34,"column":20},"end":{"line":34,"column":61}},"24":{"start":{"line":35,"column":4},"end":{"line":38,"column":5}},"25":{"start":{"line":36,"column":6},"end":{"line":36,"column":91}},"26":{"start":{"line":37,"column":6},"end":{"line":37,"column":53}},"27":{"start":{"line":39,"column":21},"end":{"line":43,"column":5}},"28":{"start":{"line":44,"column":4},"end":{"line":44,"column":44}},"29":{"start":{"line":45,"column":4},"end":{"line":45,"column":86}},"30":{"start":{"line":47,"column":4},"end":{"line":47,"column":23}},"31":{"start":{"line":49,"column":4},"end":{"line":52,"column":7}},"32":{"start":{"line":53,"column":4},"end":{"line":53,"column":14}},"33":{"start":{"line":57,"column":0},"end":{"line":57,"column":36}}},"fnMap":{"0":{"name":"(anonymous_0)","decl":{"start":{"line":7,"column":19},"end":{"line":7,"column":20}},"loc":{"start":{"line":7,"column":27},"end":{"line":10,"column":1}},"line":7},"1":{"name":"(anonymous_1)","decl":{"start":{"line":12,"column":23},"end":{"line":12,"column":24}},"loc":{"start":{"line":12,"column":49},"end":{"line":55,"column":1}},"line":12}},"branchMap":{"0":{"loc":{"start":{"line":9,"column":9},"end":{"line":9,"column":37}},"type":"cond-expr","locations":[{"start":{"line":9,"column":28},"end":{"line":9,"column":30}},{"start":{"line":9,"column":33},"end":{"line":9,"column":37}}],"line":9},"1":{"loc":{"start":{"line":14,"column":13},"end":{"line":14,"column":35}},"type":"binary-expr","locations":[{"start":{"line":14,"column":13},"end":{"line":14,"column":25}},{"start":{"line":14,"column":29},"end":{"line":14,"column":35}}],"line":14},"2":{"loc":{"start":{"line":16,"column":4},"end":{"line":19,"column":5}},"type":"if","locations":[{"start":{"line":16,"column":4},"end":{"line":19,"column":5}},{"start":{},"end":{}}],"line":16},"3":{"loc":{"start":{"line":24,"column":4},"end":{"line":27,"column":5}},"type":"if","locations":[{"start":{"line":24,"column":4},"end":{"line":27,"column":5}},{"start":{},"end":{}}],"line":24},"4":{"loc":{"start":{"line":30,"column":4},"end":{"line":33,"column":5}},"type":"if","locations":[{"start":{"line":30,"column":4},"end":{"line":33,"column":5}},{"start":{},"end":{}}],"line":30},"5":{"loc":{"start":{"line":35,"column":4},"end":{"line":38,"column":5}},"type":"if","locations":[{"start":{"line":35,"column":4},"end":{"line":38,"column":5}},{"start":{},"end":{}}],"line":35}},"s":{"0":1,"1":1,"2":1,"3":1,"4":1,"5":5,"6":5,"7":1,"8":5,"9":5,"10":5,"11":5,"12":1,"13":1,"14":4,"15":4,"16":4,"17":0,"18":0,"19":4,"20":4,"21":3,"22":3,"23":1,"24":1,"25":0,"26":0,"27":1,"28":1,"29":1,"30":1,"31":0,"32":0,"33":1},"f":{"0":5,"1":5},"b":{"0":[4,1],"1":[5,0],"2":[1,4],"3":[0,4],"4":[3,1],"5":[0,1]},"_coverageSchema":"1a1c01bbd47fc00a2c39e90264f33305004495a9","hash":"83c9357ad09d633c0ce251c9b736b662c9b5ae67"}
,"C:\\weatherApp\\services\\serviceIp.js": {"path":"C:\\weatherApp\\services\\serviceIp.js","statementMap":{"0":{"start":{"line":1,"column":14},"end":{"line":1,"column":30}},"1":{"start":{"line":2,"column":15},"end":{"line":2,"column":32}},"2":{"start":{"line":3,"column":15},"end":{"line":3,"column":35}},"3":{"start":{"line":4,"column":0},"end":{"line":4,"column":15}},"4":{"start":{"line":6,"column":13},"end":{"line":6,"column":31}},"5":{"start":{"line":7,"column":24},"end":{"line":34,"column":1}},"6":{"start":{"line":8,"column":2},"end":{"line":33,"column":3}},"7":{"start":{"line":9,"column":4},"end":{"line":9,"column":58}},"8":{"start":{"line":10,"column":21},"end":{"line":12,"column":5}},"9":{"start":{"line":13,"column":4},"end":{"line":16,"column":5}},"10":{"start":{"line":14,"column":6},"end":{"line":14,"column":59}},"11":{"start":{"line":15,"column":6},"end":{"line":15,"column":39}},"12":{"start":{"line":17,"column":30},"end":{"line":17,"column":43}},"13":{"start":{"line":18,"column":4},"end":{"line":21,"column":5}},"14":{"start":{"line":19,"column":6},"end":{"line":19,"column":106}},"15":{"start":{"line":20,"column":6},"end":{"line":20,"column":50}},"16":{"start":{"line":22,"column":4},"end":{"line":22,"column":87}},"17":{"start":{"line":23,"column":4},"end":{"line":23,"column":46}},"18":{"start":{"line":25,"column":4},"end":{"line":29,"column":7}},"19":{"start":{"line":32,"column":4},"end":{"line":32,"column":16}},"20":{"start":{"line":35,"column":0},"end":{"line":35,"column":32}}},"fnMap":{"0":{"name":"(anonymous_0)","decl":{"start":{"line":7,"column":24},"end":{"line":7,"column":25}},"loc":{"start":{"line":7,"column":38},"end":{"line":34,"column":1}},"line":7}},"branchMap":{"0":{"loc":{"start":{"line":13,"column":4},"end":{"line":16,"column":5}},"type":"if","locations":[{"start":{"line":13,"column":4},"end":{"line":16,"column":5}},{"start":{},"end":{}}],"line":13},"1":{"loc":{"start":{"line":18,"column":4},"end":{"line":21,"column":5}},"type":"if","locations":[{"start":{"line":18,"column":4},"end":{"line":21,"column":5}},{"start":{},"end":{}}],"line":18},"2":{"loc":{"start":{"line":18,"column":8},"end":{"line":18,"column":25}},"type":"binary-expr","locations":[{"start":{"line":18,"column":8},"end":{"line":18,"column":13}},{"start":{"line":18,"column":17},"end":{"line":18,"column":25}}],"line":18}},"s":{"0":2,"1":2,"2":2,"3":2,"4":2,"5":2,"6":6,"7":6,"8":6,"9":4,"10":0,"11":0,"12":4,"13":4,"14":0,"15":0,"16":4,"17":4,"18":2,"19":2,"20":2},"f":{"0":6},"b":{"0":[0,4],"1":[0,4],"2":[4,4]},"_coverageSchema":"1a1c01bbd47fc00a2c39e90264f33305004495a9","hash":"75949d45c9c70cd4f6b87ac07a529f4b0253a6fa"}
,"C:\\weatherApp\\services\\serviceWeather.js": {"path":"C:\\weatherApp\\services\\serviceWeather.js","statementMap":{"0":{"start":{"line":1,"column":14},"end":{"line":1,"column":30}},"1":{"start":{"line":2,"column":15},"end":{"line":2,"column":32}},"2":{"start":{"line":3,"column":15},"end":{"line":3,"column":35}},"3":{"start":{"line":4,"column":0},"end":{"line":4,"column":15}},"4":{"start":{"line":6,"column":17},"end":{"line":6,"column":39}},"5":{"start":{"line":8,"column":29},"end":{"line":41,"column":5}},"6":{"start":{"line":9,"column":6},"end":{"line":9,"column":23}},"7":{"start":{"line":10,"column":6},"end":{"line":40,"column":7}},"8":{"start":{"line":11,"column":8},"end":{"line":11,"column":63}},"9":{"start":{"line":12,"column":25},"end":{"line":14,"column":9}},"10":{"start":{"line":16,"column":8},"end":{"line":19,"column":9}},"11":{"start":{"line":17,"column":10},"end":{"line":17,"column":88}},"12":{"start":{"line":18,"column":10},"end":{"line":18,"column":67}},"13":{"start":{"line":21,"column":35},"end":{"line":21,"column":53}},"14":{"start":{"line":22,"column":28},"end":{"line":22,"column":64}},"15":{"start":{"line":24,"column":8},"end":{"line":29,"column":11}},"16":{"start":{"line":31,"column":8},"end":{"line":31,"column":60}},"17":{"start":{"line":34,"column":8},"end":{"line":38,"column":11}},"18":{"start":{"line":39,"column":8},"end":{"line":39,"column":81}},"19":{"start":{"line":43,"column":4},"end":{"line":45,"column":6}},"20":{"start":{"line":46,"column":0},"end":{"line":48,"column":1}}},"fnMap":{"0":{"name":"(anonymous_0)","decl":{"start":{"line":8,"column":29},"end":{"line":8,"column":30}},"loc":{"start":{"line":8,"column":45},"end":{"line":41,"column":5}},"line":8}},"branchMap":{"0":{"loc":{"start":{"line":16,"column":8},"end":{"line":19,"column":9}},"type":"if","locations":[{"start":{"line":16,"column":8},"end":{"line":19,"column":9}},{"start":{},"end":{}}],"line":16}},"s":{"0":2,"1":2,"2":2,"3":2,"4":2,"5":2,"6":3,"7":3,"8":3,"9":3,"10":1,"11":0,"12":0,"13":1,"14":1,"15":1,"16":1,"17":2,"18":2,"19":2,"20":2},"f":{"0":3},"b":{"0":[0,1]},"_coverageSchema":"1a1c01bbd47fc00a2c39e90264f33305004495a9","hash":"edb7be421314def283b6491653c95dd322f8e9d5"}
}
