TN:
SF:controllers\weatherController.js
FN:7,(anonymous_0)
FN:12,(anonymous_1)
FNF:2
FNH:2
FNDA:5,(anonymous_0)
FNDA:5,(anonymous_1)
DA:1,1
DA:2,1
DA:3,1
DA:5,1
DA:7,1
DA:8,5
DA:9,5
DA:12,1
DA:13,5
DA:14,5
DA:15,5
DA:16,5
DA:17,1
DA:18,1
DA:21,4
DA:23,4
DA:24,4
DA:25,0
DA:26,0
DA:29,4
DA:30,4
DA:31,3
DA:32,3
DA:34,1
DA:35,1
DA:36,0
DA:37,0
DA:39,1
DA:44,1
DA:45,1
DA:47,1
DA:49,0
DA:53,0
DA:57,1
LF:34
LH:28
BRDA:9,0,0,4
BRDA:9,0,1,1
BRDA:14,1,0,5
BRDA:14,1,1,0
BRDA:16,2,0,1
BRDA:16,2,1,4
BRDA:24,3,0,0
BRDA:24,3,1,4
BRDA:30,4,0,3
BRDA:30,4,1,1
BRDA:35,5,0,0
BRDA:35,5,1,1
BRF:12
BRH:9
end_of_record
TN:
SF:services\serviceIp.js
FN:7,(anonymous_0)
FNF:1
FNH:1
FNDA:6,(anonymous_0)
DA:1,2
DA:2,2
DA:3,2
DA:4,2
DA:6,2
DA:7,2
DA:8,6
DA:9,6
DA:10,6
DA:13,4
DA:14,0
DA:15,0
DA:17,4
DA:18,4
DA:19,0
DA:20,0
DA:22,4
DA:23,4
DA:25,2
DA:32,2
DA:35,2
LF:21
LH:17
BRDA:13,0,0,0
BRDA:13,0,1,4
BRDA:18,1,0,0
BRDA:18,1,1,4
BRDA:18,2,0,4
BRDA:18,2,1,4
BRF:6
BRH:4
end_of_record
TN:
SF:services\serviceWeather.js
FN:8,(anonymous_0)
FNF:1
FNH:1
FNDA:3,(anonymous_0)
DA:1,2
DA:2,2
DA:3,2
DA:4,2
DA:6,2
DA:8,2
DA:9,3
DA:10,3
DA:11,3
DA:12,3
DA:16,1
DA:17,0
DA:18,0
DA:21,1
DA:22,1
DA:24,1
DA:31,1
DA:34,2
DA:39,2
DA:43,2
DA:46,2
LF:21
LH:19
BRDA:16,0,0,0
BRDA:16,0,1,1
BRF:2
BRH:1
end_of_record
